!SESSION 2014-05-02 15:59:44.814 -----------------------------------------------
eclipse.buildId=unknown
java.version=1.7.0_45
java.vendor=Oracle Corporation
BootLoader constants: OS=win32, ARCH=x86_64, WS=win32, NL=de_DE
Command-line arguments:  -dev file:E:/Leuphana/Softwarearchitektur/Eclipse_PrintingSystem20131124/.metadata/.plugins/org.eclipse.pde.core/OSGiZwei/dev.properties -os win32 -ws win32 -arch x86_64 -consoleLog -console

!ENTRY de.leuphana.cosu.ComponentServiceBusOSGi 4 0 2014-05-02 15:59:45.626
!MESSAGE FrameworkEvent ERROR
!STACK 0
org.osgi.framework.BundleException: Exception in de.leuphana.cosu.componentservicebusosgi.Activator.start() of bundle de.leuphana.cosu.ComponentServiceBusOSGi.
	at org.eclipse.osgi.framework.internal.core.BundleContextImpl.startActivator(BundleContextImpl.java:734)
	at org.eclipse.osgi.framework.internal.core.BundleContextImpl.start(BundleContextImpl.java:683)
	at org.eclipse.osgi.framework.internal.core.BundleHost.startWorker(BundleHost.java:381)
	at org.eclipse.osgi.framework.internal.core.AbstractBundle.resume(AbstractBundle.java:390)
	at org.eclipse.osgi.framework.internal.core.Framework.resumeBundle(Framework.java:1176)
	at org.eclipse.osgi.framework.internal.core.StartLevelManager.resumeBundles(StartLevelManager.java:559)
	at org.eclipse.osgi.framework.internal.core.StartLevelManager.resumeBundles(StartLevelManager.java:544)
	at org.eclipse.osgi.framework.internal.core.StartLevelManager.incFWSL(StartLevelManager.java:457)
	at org.eclipse.osgi.framework.internal.core.StartLevelManager.doSetStartLevel(StartLevelManager.java:243)
	at org.eclipse.osgi.framework.internal.core.StartLevelManager.dispatchEvent(StartLevelManager.java:438)
	at org.eclipse.osgi.framework.internal.core.StartLevelManager.dispatchEvent(StartLevelManager.java:1)
	at org.eclipse.osgi.framework.eventmgr.EventManager.dispatchEvent(EventManager.java:230)
	at org.eclipse.osgi.framework.eventmgr.EventManager$EventThread.run(EventManager.java:340)
Caused by: java.lang.NullPointerException
	at org.rribbit.creation.ObjectBasedListenerObjectCreator.addObject(ObjectBasedListenerObjectCreator.java:77)
	at org.rribbit.creation.ObjectBasedListenerObjectCreator.<init>(ObjectBasedListenerObjectCreator.java:64)
	at de.leuphana.cosu.componentservicebusosgi.ComponentServiceBus.<init>(ComponentServiceBus.java:45)
	at de.leuphana.cosu.componentservicebusosgi.Activator.start(Activator.java:33)
	at org.eclipse.osgi.framework.internal.core.BundleContextImpl$1.run(BundleContextImpl.java:711)
	at java.security.AccessController.doPrivileged(Native Method)
	at org.eclipse.osgi.framework.internal.core.BundleContextImpl.startActivator(BundleContextImpl.java:702)
	... 12 more
Root exception:
java.lang.NullPointerException
	at org.rribbit.creation.ObjectBasedListenerObjectCreator.addObject(ObjectBasedListenerObjectCreator.java:77)
	at org.rribbit.creation.ObjectBasedListenerObjectCreator.<init>(ObjectBasedListenerObjectCreator.java:64)
	at de.leuphana.cosu.componentservicebusosgi.ComponentServiceBus.<init>(ComponentServiceBus.java:45)
	at de.leuphana.cosu.componentservicebusosgi.Activator.start(Activator.java:33)
	at org.eclipse.osgi.framework.internal.core.BundleContextImpl$1.run(BundleContextImpl.java:711)
	at java.security.AccessController.doPrivileged(Native Method)
	at org.eclipse.osgi.framework.internal.core.BundleContextImpl.startActivator(BundleContextImpl.java:702)
	at org.eclipse.osgi.framework.internal.core.BundleContextImpl.start(BundleContextImpl.java:683)
	at org.eclipse.osgi.framework.internal.core.BundleHost.startWorker(BundleHost.java:381)
	at org.eclipse.osgi.framework.internal.core.AbstractBundle.resume(AbstractBundle.java:390)
	at org.eclipse.osgi.framework.internal.core.Framework.resumeBundle(Framework.java:1176)
	at org.eclipse.osgi.framework.internal.core.StartLevelManager.resumeBundles(StartLevelManager.java:559)
	at org.eclipse.osgi.framework.internal.core.StartLevelManager.resumeBundles(StartLevelManager.java:544)
	at org.eclipse.osgi.framework.internal.core.StartLevelManager.incFWSL(StartLevelManager.java:457)
	at org.eclipse.osgi.framework.internal.core.StartLevelManager.doSetStartLevel(StartLevelManager.java:243)
	at org.eclipse.osgi.framework.internal.core.StartLevelManager.dispatchEvent(StartLevelManager.java:438)
	at org.eclipse.osgi.framework.internal.core.StartLevelManager.dispatchEvent(StartLevelManager.java:1)
	at org.eclipse.osgi.framework.eventmgr.EventManager.dispatchEvent(EventManager.java:230)
	at org.eclipse.osgi.framework.eventmgr.EventManager$EventThread.run(EventManager.java:340)

!ENTRY org.eclipse.osgi 4 0 2014-05-02 15:59:45.656
!MESSAGE Bundle de.leuphana.cosu.ComponentServiceBusOSGi_1.0.0.qualifier [19] is not active.
